<?xml version="1.0" encoding="UTF-8"?>
<!-- Generated by org.testng.reporters.JUnitReportReporter -->
<testsuite skipped="0" hostname="DESKTOP-B77COOV" name="appiumtest.scrollingDemo" tests="1" failures="0" timestamp="2020-04-10T02:14:46 IST" time="21.803" errors="0">
  <testcase name="scrolling" time="21.803" classname="appiumtest.scrollingDemo"/>
  <system-out/>
</testsuite> <!-- appiumtest.scrollingDemo -->
