<?xml version="1.0" encoding="UTF-8"?>
<!-- Generated by org.testng.reporters.JUnitReportReporter -->
<testsuite skipped="0" hostname="DESKTOP-B77COOV" name="chrome.extentReportDemo" tests="1" failures="0" timestamp="2020-04-03T13:47:18 IST" time="0.687" errors="0">
  <testcase name="loginTest" time="0.687" classname="chrome.extentReportDemo"/>
  <system-out/>
</testsuite> <!-- chrome.extentReportDemo -->
