<?xml version="1.0" encoding="UTF-8"?>
<!-- Generated by org.testng.reporters.JUnitReportReporter -->
<testsuite skipped="0" hostname="DESKTOP-B77COOV" name="appiumtest.browserTest" tests="1" failures="0" timestamp="2020-04-10T02:14:46 IST" time="24.550" errors="0">
  <testcase name="openBrowser" time="24.550" classname="appiumtest.browserTest"/>
  <system-out/>
</testsuite> <!-- appiumtest.browserTest -->
