<?xml version="1.0" encoding="UTF-8"?>
<!-- Generated by org.testng.reporters.JUnitReportReporter -->
<testsuite skipped="0" hostname="DESKTOP-B77COOV" name="appiumtest.apiDemoGesture" tests="1" failures="0" timestamp="2020-04-10T02:14:46 IST" time="25.431" errors="0">
  <testcase name="gesture" time="25.431" classname="appiumtest.apiDemoGesture"/>
  <system-out/>
</testsuite> <!-- appiumtest.apiDemoGesture -->
