<?xml version="1.0" encoding="UTF-8"?>
<!-- Generated by org.testng.reporters.JUnitReportReporter -->
<testsuite skipped="0" hostname="DESKTOP-B77COOV" name="appiumtest.swipeDemo" tests="1" failures="0" timestamp="2020-04-10T02:14:46 IST" time="28.531" errors="0">
  <testcase name="swipe" time="28.531" classname="appiumtest.swipeDemo"/>
  <system-out/>
</testsuite> <!-- appiumtest.swipeDemo -->
