<?xml version="1.0" encoding="UTF-8"?>
<!-- Generated by org.testng.reporters.JUnitReportReporter -->
<testsuite skipped="0" hostname="DESKTOP-B77COOV" name="appiumtest.swipeDemo" tests="1" failures="0" timestamp="2020-04-11T23:20:42 IST" time="27.276" errors="0">
  <testcase name="swipe" time="27.276" classname="appiumtest.swipeDemo"/>
  <system-out/>
</testsuite> <!-- appiumtest.swipeDemo -->
