<?xml version="1.0" encoding="UTF-8"?>
<!-- Generated by org.testng.reporters.JUnitReportReporter -->
<testsuite skipped="0" hostname="DESKTOP-B77COOV" name="appiumtest.gesturesOne" tests="1" failures="0" timestamp="2020-04-11T23:20:42 IST" time="25.978" errors="0">
  <testcase name="longPress" time="25.978" classname="appiumtest.gesturesOne"/>
  <system-out/>
</testsuite> <!-- appiumtest.gesturesOne -->
